python: can't open file '/Net/Groups/BSI/work_scratch/ppapastefanou/src/QPy/science/phillip/post_process_complete_parallel.py': [Errno 2] No such file or directory
python: can't open file '/Net/Groups/BSI/work_scratch/ppapastefanou/src/QPy/science/phillip/post_process_complete_parallel.py': [Errno 2] No such file or directory
python: can't open file '/Net/Groups/BSI/work_scratch/ppapastefanou/src/QPy/science/phillip/post_process_complete_parallel.py': [Errno 2] No such file or directory
python: can't open file '/Net/Groups/BSI/work_scratch/ppapastefanou/src/QPy/science/phillip/post_process_complete_parallel.py': [Errno 2] No such file or directory
python: can't open file '/Net/Groups/BSI/work_scratch/ppapastefanou/src/QPy/science/phillip/post_process_complete_parallel.py': [Errno 2] No such file or directory
python: can't open file '/Net/Groups/BSI/work_scratch/ppapastefanou/src/QPy/science/phillip/post_process_complete_parallel.py': [Errno 2] No such file or directory
python: can't open file '/Net/Groups/BSI/work_scratch/ppapastefanou/src/QPy/science/phillip/post_process_complete_parallel.py': [Errno 2] No such file or directory
python: can't open file '/Net/Groups/BSI/work_scratch/ppapastefanou/src/QPy/science/phillip/post_process_complete_parallel.py': [Errno 2] No such file or directory
python: can't open file '/Net/Groups/BSI/work_scratch/ppapastefanou/src/QPy/science/phillip/post_process_complete_parallel.py': [Errno 2] No such file or directory
python: can't open file '/Net/Groups/BSI/work_scratch/ppapastefanou/src/QPy/science/phillip/post_process_complete_parallel.py': [Errno 2] No such file or directory
python: can't open file '/Net/Groups/BSI/work_scratch/ppapastefanou/src/QPy/science/phillip/post_process_complete_parallel.py': [Errno 2] No such file or directory
python: can't open file '/Net/Groups/BSI/work_scratch/ppapastefanou/src/QPy/science/phillip/post_process_complete_parallel.py': [Errno 2] No such file or directory
python: can't open file '/Net/Groups/BSI/work_scratch/ppapastefanou/src/QPy/science/phillip/post_process_complete_parallel.py': [Errno 2] No such file or directory
python: can't open file '/Net/Groups/BSI/work_scratch/ppapastefanou/src/QPy/science/phillip/post_process_complete_parallel.py': [Errno 2] No such file or directory
python: can't open file '/Net/Groups/BSI/work_scratch/ppapastefanou/src/QPy/science/phillip/post_process_complete_parallel.py': [Errno 2] No such file or directory
python: can't open file '/Net/Groups/BSI/work_scratch/ppapastefanou/src/QPy/science/phillip/post_process_complete_parallel.py': [Errno 2] No such file or directory
python: can't open file '/Net/Groups/BSI/work_scratch/ppapastefanou/src/QPy/science/phillip/post_process_complete_parallel.py': [Errno 2] No such file or directory
python: can't open file '/Net/Groups/BSI/work_scratch/ppapastefanou/src/QPy/science/phillip/post_process_complete_parallel.py': [Errno 2] No such file or directory
python: can't open file '/Net/Groups/BSI/work_scratch/ppapastefanou/src/QPy/science/phillip/post_process_complete_parallel.py': [Errno 2] No such file or directory
python: can't open file '/Net/Groups/BSI/work_scratch/ppapastefanou/src/QPy/science/phillip/post_process_complete_parallel.py': [Errno 2] No such file or directory
python: can't open file '/Net/Groups/BSI/work_scratch/ppapastefanou/src/QPy/science/phillip/post_process_complete_parallel.py': [Errno 2] No such file or directory
python: can't open file '/Net/Groups/BSI/work_scratch/ppapastefanou/src/QPy/science/phillip/post_process_complete_parallel.py': [Errno 2] No such file or directory
python: can't open file '/Net/Groups/BSI/work_scratch/ppapastefanou/src/QPy/science/phillip/post_process_complete_parallel.py': [Errno 2] No such file or directory
python: can't open file '/Net/Groups/BSI/work_scratch/ppapastefanou/src/QPy/science/phillip/post_process_complete_parallel.py': [Errno 2] No such file or directory
python: can't open file '/Net/Groups/BSI/work_scratch/ppapastefanou/src/QPy/science/phillip/post_process_complete_parallel.py': [Errno 2] No such file or directory
python: can't open file '/Net/Groups/BSI/work_scratch/ppapastefanou/src/QPy/science/phillip/post_process_complete_parallel.py': [Errno 2] No such file or directory
python: can't open file '/Net/Groups/BSI/work_scratch/ppapastefanou/src/QPy/science/phillip/post_process_complete_parallel.py': [Errno 2] No such file or directory
python: can't open file '/Net/Groups/BSI/work_scratch/ppapastefanou/src/QPy/science/phillip/post_process_complete_parallel.py': [Errno 2] No such file or directory
python: can't open file '/Net/Groups/BSI/work_scratch/ppapastefanou/src/QPy/science/phillip/post_process_complete_parallel.py': [Errno 2] No such file or directory
python: can't open file '/Net/Groups/BSI/work_scratch/ppapastefanou/src/QPy/science/phillip/post_process_complete_parallel.py': [Errno 2] No such file or directory
python: can't open file '/Net/Groups/BSI/work_scratch/ppapastefanou/src/QPy/science/phillip/post_process_complete_parallel.py': [Errno 2] No such file or directory
python: can't open file '/Net/Groups/BSI/work_scratch/ppapastefanou/src/QPy/science/phillip/post_process_complete_parallel.py': [Errno 2] No such file or directory
python: can't open file '/Net/Groups/BSI/work_scratch/ppapastefanou/src/QPy/science/phillip/post_process_complete_parallel.py': [Errno 2] No such file or directory
python: can't open file '/Net/Groups/BSI/work_scratch/ppapastefanou/src/QPy/science/phillip/post_process_complete_parallel.py': [Errno 2] No such file or directory
python: can't open file '/Net/Groups/BSI/work_scratch/ppapastefanou/src/QPy/science/phillip/post_process_complete_parallel.py': [Errno 2] No such file or directory
python: can't open file '/Net/Groups/BSI/work_scratch/ppapastefanou/src/QPy/science/phillip/post_process_complete_parallel.py': [Errno 2] No such file or directory
python: can't open file '/Net/Groups/BSI/work_scratch/ppapastefanou/src/QPy/science/phillip/post_process_complete_parallel.py': [Errno 2] No such file or directory
python: can't open file '/Net/Groups/BSI/work_scratch/ppapastefanou/src/QPy/science/phillip/post_process_complete_parallel.py': [Errno 2] No such file or directory
python: can't open file '/Net/Groups/BSI/work_scratch/ppapastefanou/src/QPy/science/phillip/post_process_complete_parallel.py': [Errno 2] No such file or directory
python: can't open file '/Net/Groups/BSI/work_scratch/ppapastefanou/src/QPy/science/phillip/post_process_complete_parallel.py': [Errno 2] No such file or directory
python: can't open file '/Net/Groups/BSI/work_scratch/ppapastefanou/src/QPy/science/phillip/post_process_complete_parallel.py': [Errno 2] No such file or directory
python: can't open file '/Net/Groups/BSI/work_scratch/ppapastefanou/src/QPy/science/phillip/post_process_complete_parallel.py': [Errno 2] No such file or directory
python: can't open file '/Net/Groups/BSI/work_scratch/ppapastefanou/src/QPy/science/phillip/post_process_complete_parallel.py': [Errno 2] No such file or directory
python: can't open file '/Net/Groups/BSI/work_scratch/ppapastefanou/src/QPy/science/phillip/post_process_complete_parallel.py': [Errno 2] No such file or directory
python: can't open file '/Net/Groups/BSI/work_scratch/ppapastefanou/src/QPy/science/phillip/post_process_complete_parallel.py': [Errno 2] No such file or directory
python: can't open file '/Net/Groups/BSI/work_scratch/ppapastefanou/src/QPy/science/phillip/post_process_complete_parallel.py': [Errno 2] No such file or directory
python: can't open file '/Net/Groups/BSI/work_scratch/ppapastefanou/src/QPy/science/phillip/post_process_complete_parallel.py': [Errno 2] No such file or directory
python: can't open file '/Net/Groups/BSI/work_scratch/ppapastefanou/src/QPy/science/phillip/post_process_complete_parallel.py': [Errno 2] No such file or directory
python: can't open file '/Net/Groups/BSI/work_scratch/ppapastefanou/src/QPy/science/phillip/post_process_complete_parallel.py': [Errno 2] No such file or directory
python: can't open file '/Net/Groups/BSI/work_scratch/ppapastefanou/src/QPy/science/phillip/post_process_complete_parallel.py': [Errno 2] No such file or directory
python: can't open file '/Net/Groups/BSI/work_scratch/ppapastefanou/src/QPy/science/phillip/post_process_complete_parallel.py': [Errno 2] No such file or directory
python: can't open file '/Net/Groups/BSI/work_scratch/ppapastefanou/src/QPy/science/phillip/post_process_complete_parallel.py': [Errno 2] No such file or directory
python: can't open file '/Net/Groups/BSI/work_scratch/ppapastefanou/src/QPy/science/phillip/post_process_complete_parallel.py': [Errno 2] No such file or directory
python: can't open file '/Net/Groups/BSI/work_scratch/ppapastefanou/src/QPy/science/phillip/post_process_complete_parallel.py': [Errno 2] No such file or directory
python: can't open file '/Net/Groups/BSI/work_scratch/ppapastefanou/src/QPy/science/phillip/post_process_complete_parallel.py': [Errno 2] No such file or directory
python: can't open file '/Net/Groups/BSI/work_scratch/ppapastefanou/src/QPy/science/phillip/post_process_complete_parallel.py': [Errno 2] No such file or directory
python: can't open file '/Net/Groups/BSI/work_scratch/ppapastefanou/src/QPy/science/phillip/post_process_complete_parallel.py': [Errno 2] No such file or directory
python: can't open file '/Net/Groups/BSI/work_scratch/ppapastefanou/src/QPy/science/phillip/post_process_complete_parallel.py': [Errno 2] No such file or directory
python: can't open file '/Net/Groups/BSI/work_scratch/ppapastefanou/src/QPy/science/phillip/post_process_complete_parallel.py': [Errno 2] No such file or directory
python: can't open file '/Net/Groups/BSI/work_scratch/ppapastefanou/src/QPy/science/phillip/post_process_complete_parallel.py': [Errno 2] No such file or directory
python: can't open file '/Net/Groups/BSI/work_scratch/ppapastefanou/src/QPy/science/phillip/post_process_complete_parallel.py': [Errno 2] No such file or directory
python: can't open file '/Net/Groups/BSI/work_scratch/ppapastefanou/src/QPy/science/phillip/post_process_complete_parallel.py': [Errno 2] No such file or directory
python: can't open file '/Net/Groups/BSI/work_scratch/ppapastefanou/src/QPy/science/phillip/post_process_complete_parallel.py': [Errno 2] No such file or directory
python: can't open file '/Net/Groups/BSI/work_scratch/ppapastefanou/src/QPy/science/phillip/post_process_complete_parallel.py': [Errno 2] No such file or directory
Traceback (most recent call last):
  File "/Net/Groups/BSI/work_scratch/ppapastefanou/src/QPy/science/phillip/11_reproduce_slope_similar.py", line 214, in <module>
    lctlib = deepcopy(lctlib_base)
             ^^^^^^^^^^^^^^^^^^^^^
  File "/Net/Groups/BSI/work_scratch/ppapastefanou/envs/phs/lib/python3.11/copy.py", line 172, in deepcopy
    y = _reconstruct(x, memo, *rv)
        ^^^^^^^^^^^^^^^^^^^^^^^^^^
  File "/Net/Groups/BSI/work_scratch/ppapastefanou/envs/phs/lib/python3.11/copy.py", line 271, in _reconstruct
    state = deepcopy(state, memo)
            ^^^^^^^^^^^^^^^^^^^^^
  File "/Net/Groups/BSI/work_scratch/ppapastefanou/envs/phs/lib/python3.11/copy.py", line 146, in deepcopy
    y = copier(x, memo)
        ^^^^^^^^^^^^^^^
  File "/Net/Groups/BSI/work_scratch/ppapastefanou/envs/phs/lib/python3.11/copy.py", line 231, in _deepcopy_dict
    y[deepcopy(key, memo)] = deepcopy(value, memo)
                             ^^^^^^^^^^^^^^^^^^^^^
  File "/Net/Groups/BSI/work_scratch/ppapastefanou/envs/phs/lib/python3.11/copy.py", line 146, in deepcopy
    y = copier(x, memo)
        ^^^^^^^^^^^^^^^
  File "/Net/Groups/BSI/work_scratch/ppapastefanou/envs/phs/lib/python3.11/copy.py", line 231, in _deepcopy_dict
    y[deepcopy(key, memo)] = deepcopy(value, memo)
                             ^^^^^^^^^^^^^^^^^^^^^
  File "/Net/Groups/BSI/work_scratch/ppapastefanou/envs/phs/lib/python3.11/copy.py", line 172, in deepcopy
    y = _reconstruct(x, memo, *rv)
        ^^^^^^^^^^^^^^^^^^^^^^^^^^
  File "/Net/Groups/BSI/work_scratch/ppapastefanou/envs/phs/lib/python3.11/copy.py", line 271, in _reconstruct
    state = deepcopy(state, memo)
            ^^^^^^^^^^^^^^^^^^^^^
  File "/Net/Groups/BSI/work_scratch/ppapastefanou/envs/phs/lib/python3.11/copy.py", line 146, in deepcopy
    y = copier(x, memo)
        ^^^^^^^^^^^^^^^
  File "/Net/Groups/BSI/work_scratch/ppapastefanou/envs/phs/lib/python3.11/copy.py", line 231, in _deepcopy_dict
    y[deepcopy(key, memo)] = deepcopy(value, memo)
                             ^^^^^^^^^^^^^^^^^^^^^
  File "/Net/Groups/BSI/work_scratch/ppapastefanou/envs/phs/lib/python3.11/copy.py", line 128, in deepcopy
    def deepcopy(x, memo=None, _nil=[]):
    
KeyboardInterrupt
Submitted batch job 3043802
